make all --print-data-base --no-builtin-variables --no-builtin-rules --question
make: *** No rule to make target 'all'.  Stop.

# GNU Make 4.3
# Built for x86_64-redhat-linux-gnu
# Copyright (C) 1988-2020 Free Software Foundation, Inc.
# License GPLv3+: GNU GPL version 3 or later <http://gnu.org/licenses/gpl.html>
# This is free software: you are free to change and redistribute it.
# There is NO WARRANTY, to the extent permitted by law.

# Make data base, printed on Wed May 31 18:27:41 2023

# Variables

# environment
GDK_BACKEND = x11
# environment
LC_ALL = C
# environment
NO_AT_BRIDGE = 1
# environment
GTK_RC_FILES = /etc/gtk/gtkrc:/home/gianni/.gtkrc:/home/gianni/.config/gtkrc
# environment
define BASH_FUNC_scl%%
() {  if [ "$1" = "load" -o "$1" = "unload" ]; then
 eval "module $@";
 else
 /usr/bin/scl "$@";
 fi
}
endef
# environment
VSCODE_CRASH_REPORTER_PROCESS_TYPE = extensionHost
# environment
VSCODE_CWD = /home/gianni
# environment
WINDOWPATH = 2
# makefile (from 'Makefile', line 10)
LIBS = -L/usr/local/lib -L/usr/lib64      
# environment
MODULES_CMD = /usr/share/Modules/libexec/modulecmd.tcl
# environment
GDM_LANG = en_US.UTF-8
# default
MAKE_COMMAND := make
# environment
define BASH_FUNC_which%%
() {  ( alias;
 eval ${which_declare} ) | /usr/bin/which --tty-only --read-alias --read-functions --show-tilde --show-dot $@
}
endef
# automatic
@D = $(patsubst %/,%,$(dir $@))
# environment
VSCODE_HANDLES_UNCAUGHT_ERRORS = true
# default
.VARIABLES := 
# environment
PWD = /home/gianni/Dropbox/projects/ANNAGIANCARLOGIANNI/CoLiLoGlobal/modules/simulate_series
# automatic
%D = $(patsubst %/,%,$(dir $%))
# environment
HOSTNAME = localhost
# environment
MAIL = /var/spool/mail/gianni
# environment
XDG_DATA_DIRS = /home/gianni/.local/share/flatpak/exports/share:/var/lib/flatpak/exports/share:/usr/local/share/:/usr/share/:/var/lib/snapd/desktop
# environment
MODULES_RUN_QUARANTINE = LD_LIBRARY_PATH LD_PRELOAD
# automatic
^D = $(patsubst %/,%,$(dir $^))
# automatic
%F = $(notdir $%)
# environment
VSCODE_CODE_CACHE_PATH = /home/gianni/.config/Code/CachedData/b3e4e68a0bc097f0ae7907b217c1119af9e03435
# environment
SSH_ASKPASS = /usr/libexec/openssh/gnome-ssh-askpass
# environment
LANG = C
# environment
XAUTHORITY = /run/user/1000/gdm/Xauthority
# default
.LOADED := 
# default
.INCLUDE_DIRS = /usr/include /usr/local/include /usr/include
# makefile
MAKEFLAGS = pqrR
# makefile
CURDIR := /home/gianni/Dropbox/projects/ANNAGIANCARLOGIANNI/CoLiLoGlobal/modules/simulate_series
# environment
define BASH_FUNC_module%%
() {  eval `/usr/bin/tclsh /usr/share/Modules/libexec/modulecmd.tcl bash "$@"`;
 _mlstatus=$?;
 return $_mlstatus
}
endef
# environment
APPLICATION_INSIGHTS_NO_DIAGNOSTIC_CHANNEL = 1
# environment
LESSOPEN = ||/usr/bin/lesspipe.sh %s
# automatic
*D = $(patsubst %/,%,$(dir $*))
# environment
MFLAGS = -pqrR
# environment
SSH_AUTH_SOCK = /tmp/ssh-XXXXXX9dhUbw/agent.3240
# default
.SHELLFLAGS := -c
# environment
HISTSIZE = 1000
# environment
XDG_CONFIG_DIRS = /home/gianni/.config/kdedefaults:/etc/xdg:/usr/share/kde-settings/kde-profile/default/xdg
# automatic
+D = $(patsubst %/,%,$(dir $+))
# environment
XCURSOR_THEME = breeze_cursors
# environment
XDG_SESSION_DESKTOP = plasma
# makefile (from 'Makefile', line 1)
MAKEFILE_LIST := Makefile
# automatic
@F = $(notdir $@)
# makefile (from 'Makefile', line 15)
FCO = -g -O0 -recursive -r8 -free  -debug extended 
# environment
VSCODE_PID = 74225
# makefile (from 'Makefile', line 7)
FLIB = -axCORE-AVX2 -fp-model precise  
# environment
XDG_SESSION_TYPE = x11
# automatic
?D = $(patsubst %/,%,$(dir $?))
# environment
GDK_CORE_DEVICE_EVENTS = 1
# environment
SESSION_MANAGER = local/unix:@/tmp/.ICE-unix/3339,unix/unix:/tmp/.ICE-unix/3339
# automatic
*F = $(notdir $*)
# environment
MANPATH = :
# environment
MODULEPATH = /etc/scl/modulefiles:/etc/scl/modulefiles:/usr/share/Modules/modulefiles:/etc/modulefiles:/usr/share/modulefiles
# environment
CHROME_DESKTOP = code-url-handler.desktop
# environment
DBUS_SESSION_BUS_ADDRESS = unix:path=/run/user/1000/bus
# automatic
<D = $(patsubst %/,%,$(dir $<))
# environment
VSCODE_NLS_CONFIG = {"locale":"en-us","osLocale":"en-us","availableLanguages":{},"_languagePackSupport":true}
# environment
 
define BASH_FUNC_ml%%
() {  module ml "$@"
}
endef
# default
MAKE_HOST := x86_64-redhat-linux-gnu
# makefile
SHELL = /bin/sh
# default
MAKECMDGOALS := all
# environment
LD_LIBRARY_PATH = :/usr/local/lib64:/usr/local/lib64
# environment
SHLVL = 0
# environment
MAKELEVEL := 0
# default
MAKE = $(MAKE_COMMAND)
# makefile (from 'Makefile', line 1)
FC = ifort
# environment
PATH = /home/gianni/.local/bin:/home/gianni/bin:/usr/share/Modules/bin:/usr/local/bin:/usr/local/sbin:/usr/bin:/usr/sbin:/var/lib/snapd/snap/bin
# default
MAKEFILES := 
# environment
MODULESHOME = /usr/share/Modules
# automatic
^F = $(notdir $^)
# makefile (from 'Makefile', line 11)
LINK_FNL_STATIC_HPC = -z muldefs -L/opt/intel/oneapi/mkl/latest/lib/intel64/ -Bstatic -Wl,--start-group -lmkl_intel_lp64 -lmkl_intel_thread -lmkl_core -Wl,--end-group -liomp5 -Bdynamic -Xlinker -rpath -Xlinker /opt/intel/oneapi/mkl/latest/lib/intel64/
# environment
INVOCATION_ID = fbbcdca941224376a1d88607f0fc100b
# environment
USERNAME = gianni
# automatic
?F = $(notdir $?)
# environment
KDE_APPLICATIONS_AS_SCOPE = 1
# environment
XDG_SEAT = seat0
# environment
XDG_CURRENT_DESKTOP = KDE
# environment
KDEDIRS = /usr
# automatic
+F = $(notdir $+)
# environment
DESKTOP_SESSION = plasma
# environment
ORIGINAL_XDG_CURRENT_DESKTOP = KDE
# 'override' directive
GNUMAKEFLAGS := 
# environment
LOGNAME = gianni
# environment
XDG_VTNR = 2
# makefile
.DEFAULT_GOAL := test_simulate.out
# environment
SYSTEMD_EXEC_PID = 3359
# environment
HISTCONTROL = ignoredups
# environment
DISPLAY = :0
# environment
USER = gianni
# default
MAKE_VERSION := 4.3
# environment
KDE_SESSION_UID = 1000
# environment
MANAGERPID = 3122
# environment
which_declare = declare -f
# environment
DEBUGINFOD_URLS = https://debuginfod.centos.org/
# environment
SSH_AGENT_PID = 3268
# environment
_ = /usr/bin/make
# environment
XDG_RUNTIME_DIR = /run/user/1000
# environment
JOURNAL_STREAM = 8:54426
# environment
XDG_SESSION_CLASS = user
# environment
VSCODE_AMD_ENTRYPOINT = vs/workbench/api/node/extensionHostProcess
# environment
GTK2_RC_FILES = /home/gianni/.gtkrc-2.0-kde4
# environment
HOME = /home/gianni
# environment
ELECTRON_RUN_AS_NODE = 1
# environment
VSCODE_IPC_HOOK = /run/user/1000/vscode-c93f4281-1.78-main.sock
# environment
MATHEMATICA_HOME = /usr/local/Wolfram/Mathematica/13.2.1
# environment
XDG_SESSION_ID = 2
# environment
XCURSOR_SIZE = 24
# default
.RECIPEPREFIX := 
# automatic
<F = $(notdir $<)
# environment
VSCODE_CRASH_REPORTER_SANDBOXED_HINT = 1
# default
SUFFIXES := 
# environment
QT_AUTO_SCREEN_SCALE_FACTOR = 0
# environment
KDE_SESSION_VERSION = 5
# default
.FEATURES := target-specific order-only second-expansion else-if shortest-stem undefine oneshell nocomment grouped-target extra-prereqs archives jobserver output-sync check-symlink load
# environment
KDE_FULL_SESSION = true
# environment
XDG_MENU_PREFIX = kf5-
# environment
GDMSESSION = plasma
# variable set hash-table stats:
# Load=120/1024=12%, Rehash=0, Collisions=6/151=4%

# Pattern-specific Variable Values

# No pattern-specific variable values.

# Directories

# . (device 64770, inode 601433637): 51 files, no impossibilities.

# 51 files, no impossibilities in 1 directories.
 

# Implicit Rules

# No implicit rules.

# Files

# Not a target:
Makefile:
#  Implicit rule search has been done.
#  Last modified 2023-05-29 15:31:12
#  File has been updated.
#  Successfully updated.

clean:
#  Implicit rule search has not been done.
#  Modification time never checked.
#  File has not been updated.
#  recipe to execute (from 'Makefile', line 48):
	rm *.o *.mod *.out
	

# Not a target:
markov_process_mod.f90:
#  Implicit rule search has not been done.
#  Modification time never checked.
#  File has not been updated.

# Not a target:
.DEFAULT:
#  Implicit rule search has not been done.
#  Modification time never checked.
#  File has not been updated.

# Not a target:
all:
#  Command line target.
#  Implicit rule search has been done.
#  File does not exist.
#  File has not been updated.

test_simulate.out: markov_process_mod.f90
#  Implicit rule search has not been done.
#  Modification time never checked.
#  File has not been updated.
#  recipe to execute (from 'Makefile', line 31):
	$(FC) $(FCO) $(FLIB) -o test_simulate.out ../my_kinds_mod.f90 \
	../mymoments.f90  \
	../ansi_colors_mod.f90 \
	../my_I_O.f90  \
	../fortran-csv-module/src/csv_kinds.f90 \
	../fortran-csv-module/src/csv_parameters.f90 \
	../fortran-csv-module/src/csv_utilities.f90 \
	../fortran-csv-module/src/csv_module.F90 \
	../read_csv_mod.f90 \
	../../pyplot-fortran/src/pyplot_module.F90 \
	../gnufor2/gnufor2.f90 \
	 ../toolbox.f90 \
	simulate_series_mod.f90 \
	markov_process_mod.f90 $(LINK_FNL_STATIC_HPC) 

# files hash-table stats:
# Load=7/1024=1%, Rehash=0, Collisions=0/18=0%
# VPATH Search Paths

# No 'vpath' search paths.

# No general ('VPATH' variable) search path.

# strcache buffers: 1 (0) / strings = 57 / storage = 1352 B / avg = 23 B
# current buf: size = 8162 B / used = 1352 B / count = 57 / avg = 23 B

# strcache performance: lookups = 65 / hit rate = 12%
# hash-table stats:
# Load=57/8192=1%, Rehash=0, Collisions=0/65=0%
# Finished Make data base on Wed May 31 18:27:41 2023

 
